<?xml version="1.0" encoding="UTF-8"?>
<!-- Generated by org.testng.reporters.JUnitXMLReporter -->
<testsuite ignored="0" hostname="Raj" failures="0" tests="4" name="Actionstest" time="39.123" errors="0" timestamp="2025-06-12T17:56:15 IST">
  <testcase classname="com.zcshorturl.Testcases.ActionTestclass" name="logintest" time="5.867"/>
  <testcase classname="com.zcshorturl.Testcases.ActionTestclass" name="appselection" time="0.909"/>
  <testcase classname="com.zcshorturl.Testcases.ActionTestclass" name="navigatetouser" time="1.483"/>
  <testcase classname="com.zcshorturl.Testcases.ActionTestclass" name="actionstest" time="2.896"/>
</testsuite> <!-- Actionstest -->
