<?xml version="1.0" encoding="UTF-8"?>
<!-- Generated by org.testng.reporters.JUnitXMLReporter -->
<testsuite ignored="4" hostname="DESKTOP-R8DT9RL" failures="1" tests="5" name="Test" time="64.03" errors="0" timestamp="2025-07-29T15:52:43 IST">
  <testcase classname="adstestcases.AdsLedCreateCampaignTest" name="loginTest" time="33.712"/>
  <testcase classname="adstestcases.AdsLedCreateCampaignTest" name="Appselection" time="1.667"/>
  <testcase classname="adstestcases.AdsLedCreateCampaignTest" name="NavigationToLedCampaign" time="0.981"/>
  <testcase classname="adstestcases.AdsLedCreateCampaignTest" name="CreatewithInvalid" time="0.166">
    <failure type="java.lang.AssertionError" message="Can&amp;apos;t open workbook - unsupported file type: UNKNOWN">
      <![CDATA[java.lang.AssertionError: Can't open workbook - unsupported file type: UNKNOWN
at adstestcases.AdsLedCreateCampaignTest.CreatewithInvalid(AdsLedCreateCampaignTest.java:504)
at java.base/java.util.ArrayList.forEach(ArrayList.java:1596)
... Removed 26 stack frames]]>
    </failure>
  </testcase> <!-- CreatewithInvalid -->
  <testcase classname="adstestcases.AdsLedCreateCampaignTest" name="logSummary" time="0.004"/>
  <testcase classname="adstestcases.AdsLedCreateCampaignTest" name="DeleteCampaign" time="0.0">
    <ignored/>
  </testcase> <!-- DeleteCampaign -->
  <testcase classname="adstestcases.AdsLedCreateCampaignTest" name="Paginations" time="0.0">
    <ignored/>
  </testcase> <!-- Paginations -->
  <testcase classname="adstestcases.AdsLedCreateCampaignTest" name="CreateCampaign" time="0.0">
    <ignored/>
  </testcase> <!-- CreateCampaign -->
  <testcase classname="adstestcases.AdsLedCreateCampaignTest" name="EditCampaign" time="0.0">
    <ignored/>
  </testcase> <!-- EditCampaign -->
</testsuite> <!-- Test -->
