<?xml version="1.0" encoding="UTF-8"?>
<!-- Generated by org.testng.reporters.JUnitXMLReporter -->
<testsuite ignored="6" hostname="DESKTOP-R8DT9RL" failures="0" tests="4" name="Test" time="40.773" errors="0" timestamp="2025-07-11T11:29:12 IST">
  <testcase classname="cmstestcases.UserMnagementUserTest" name="LoginTest" time="3.404"/>
  <testcase classname="cmstestcases.UserMnagementUserTest" name="AppSelectionPage" time="0.169"/>
  <testcase classname="cmstestcases.UserMnagementUserTest" name="NavigateToUserMangement" time="3.985"/>
  <testcase classname="cmstestcases.UserMnagementUserTest" name="UserWorkFlowConfig" time="6.289"/>
  <testcase classname="cmstestcases.UserMnagementUserTest" name="CreateUser" time="0.0">
    <ignored/>
  </testcase> <!-- CreateUser -->
  <testcase classname="cmstestcases.UserMnagementUserTest" name="EditUser" time="0.0">
    <ignored/>
  </testcase> <!-- EditUser -->
  <testcase classname="cmstestcases.UserMnagementUserTest" name="ResetPassword" time="0.0">
    <ignored/>
  </testcase> <!-- ResetPassword -->
  <testcase classname="cmstestcases.UserMnagementUserTest" name="AccessType" time="0.0">
    <ignored/>
  </testcase> <!-- AccessType -->
  <testcase classname="cmstestcases.UserMnagementUserTest" name="ActiveOrInactive" time="0.0">
    <ignored/>
  </testcase> <!-- ActiveOrInactive -->
  <testcase classname="cmstestcases.UserMnagementUserTest" name="DeleteUser" time="0.0">
    <ignored/>
  </testcase> <!-- DeleteUser -->
</testsuite> <!-- Test -->
