<?xml version="1.0" encoding="UTF-8"?>
<!-- Generated by org.testng.reporters.JUnitXMLReporter -->
<testsuite ignored="0" hostname="Raj" failures="0" tests="4" name="Zctest" time="75.29" errors="0" timestamp="2025-06-16T08:37:13 IST">
  <testcase classname="com.zcshorturl.Testcases.ZcusercreationLogintest" name="logintest" time="7.709"/>
  <testcase classname="com.zcshorturl.Testcases.ZcusercreationLogintest" name="appselection" time="1.389"/>
  <testcase classname="com.zcshorturl.Testcases.ZcusercreationLogintest" name="navigatetouser" time="0.508"/>
  <testcase classname="com.zcshorturl.Testcases.ZcusercreationLogintest" name="usercreationtest" time="54.947"/>
</testsuite> <!-- Zctest -->
