<?xml version="1.0" encoding="UTF-8"?>
<!-- Generated by org.testng.reporters.JUnitXMLReporter -->
<testsuite ignored="0" hostname="Raj" failures="0" tests="1" name="gmr tests" time="0.104" errors="0" timestamp="2025-05-29T14:25:21 IST">
  <testcase classname="com.gmr.Testcases.Baseclass" name="@BeforeClass setup" time="-1.74850892121E9">
    <failure type="org.testng.TestNGException" message="
Can inject only one of &amp;lt;ITestContext, XmlTest&amp;gt; into a @BeforeClass annotated setup.
For more information on native dependency injection please refer to https://testng.org/#_dependency_injection">
      <![CDATA[org.testng.TestNGException: 
Can inject only one of <ITestContext, XmlTest> into a @BeforeClass annotated setup.
For more information on native dependency injection please refer to https://testng.org/#_dependency_injection
at java.base/java.util.ArrayList.forEach(ArrayList.java:1597)
... Removed 22 stack frames]]>
    </failure>
  </testcase> <!-- @BeforeClass setup -->
  <testcase classname="com.gmr.Testcases.Baseclass" name="@AfterClass teardown" time="0.0">
    <skipped/>
  </testcase> <!-- @AfterClass teardown -->
  <testcase classname="com.gmr.Testcases.Logintestcase" name="logintest" time="0.001">
    <skipped/>
  </testcase> <!-- logintest -->
</testsuite> <!-- gmr tests -->
